Arguments: 
  /home/daniele/.nvm/versions/node/v16.13.0/bin/node /home/daniele/.nvm/versions/node/v16.13.0/bin/yarn add typescript @types/node -D

PATH: 
  /home/daniele/.rbenv/shims:/home/daniele/.rbenv/bin:/home/daniele/.rbenv/shims:/home/daniele/.rbenv/bin:/home/daniele/.rbenv/shims:/home/daniele/.asdf/shims:/home/daniele/.asdf/bin:/home/daniele/.nvm/versions/node/v16.13.0/bin:/usr/local/sbin:/usr/local/bin:/usr/sbin:/usr/bin:/sbin:/bin:/usr/games:/usr/local/games:/snap/bin

Yarn version: 
  1.22.17

Node version: 
  16.13.0

Platform: 
  linux x64

Trace: 
  Error: getaddrinfo EAI_AGAIN registry.yarnpkg.com
      at GetAddrInfoReqWrap.onlookup [as oncomplete] (node:dns:71:26)

npm manifest: 
  {
    "name": "backend-motors-shop",
    "version": "1.0.0",
    "main": "index.js",
    "repository": "git@github.com:KA-15-Motors-Shop/backend-motors-shop.git",
    "author": "<danielecalixtob@gmail.com>",
    "license": "MIT",
    "devDependencies": {
      "typescript": "^4.7.4"
    }
  }

yarn manifest: 
  No manifest

Lockfile: 
  # THIS IS AN AUTOGENERATED FILE. DO NOT EDIT THIS FILE DIRECTLY.
  # yarn lockfile v1
  
  
  typescript@^4.7.4:
    version "4.7.4"
    resolved "https://registry.yarnpkg.com/typescript/-/typescript-4.7.4.tgz#1a88596d1cf47d59507a1bcdfb5b9dfe4d488235"
    integrity sha512-C0WQT0gezHuw6AdY1M2jxUO83Rjf0HP7Sk1DtXj6j1EwkQNZrHAg2XPWlq62oqEhYvONq5pkC2Y9oPljWToLmQ==
